<?xml version="1.0" encoding="UTF-8"?>
<testsuite xmlns:xsi="http://www.w3.org/2001/XMLSchema-instance" xsi:noNamespaceSchemaLocation="https://maven.apache.org/surefire/maven-surefire-plugin/xsd/surefire-test-report.xsd" name="TestSuite" time="22.031" tests="4" errors="0" skipped="0" failures="0">
  <properties>
[...]
</properties>
  <testcase name="runScenario" classname="com.ea.SpringBasic.runner.TestRunner" time="21.108"/>
  <testcase name="runScenario" classname="com.ea.SpringBasic.runner.TestRunner" time="21.12"/>
  <testcase name="runScenario" classname="com.ea.SpringBasic.runner.TestRunner" time="21.129"/>
  <testcase name="runScenario" classname="com.ea.SpringBasic.runner.TestRunner" time="21.703"/>
</testsuite>